<?xml version="1.0" encoding="UTF-8"?>
<testsuite xmlns:xsi="http://www.w3.org/2001/XMLSchema-instance" xsi:noNamespaceSchemaLocation="https://maven.apache.org/surefire/maven-surefire-plugin/xsd/surefire-test-report-3.0.xsd" version="3.0" name="com.bowling.BowlingGameTest" time="0.091" tests="10" errors="0" skipped="0" failures="0">
  <properties>
[...]
</properties>
  <testcase name="allBallsMissedLastTwoTenPins" classname="com.bowling.BowlingGameTest" time="0.037">
    <system-out><![CDATA[[ Welcome to bowling alley: "Test" ]
[ Bowling game started at lane: "All Balls Missed Last Two Ten Pins" ]
[ Bowling game at lane: "All Balls Missed Last Two Ten Pins" ]
[ Player "Test" | Final score:  20 | Board: [ 0,0 =  0 |  0,0 =  0 |  0,0 =  0 |  0,0 =  0 |  0,0 =  0 |  0,0 =  0 |  0,0 =  0 |  0,0 =  0 |  0,0 =  0 |  0,10,10 = 20 ] ]

]]></system-out>
  </testcase>
  <testcase name="scoreWillBeOneHundredThirtyThree" classname="com.bowling.BowlingGameTest" time="0.0">
    <system-out><![CDATA[[ Welcome to bowling alley: "Test" ]
[ Bowling game started at lane: "Score Will Be One Hundred Thirty Three" ]
[ Bowling game at lane: "Score Will Be One Hundred Thirty Three" ]
[ Player "Test" | Final score: 133 | Board: [ 1,4 =  5 |  4,5 =  9 |  6,4 = 15 |  5,5 = 20 |   10 = 11 |  0,1 =  1 |  7,3 = 16 |  6,4 = 20 |   10 = 20 |    2,8,6 = 16 ] ]

]]></system-out>
  </testcase>
  <testcase name="allBallsKnockedTwoPins" classname="com.bowling.BowlingGameTest" time="0.002">
    <system-out><![CDATA[[ Welcome to bowling alley: "Test" ]
[ Bowling game started at lane: "All Balls Knocked Two Pins" ]
[ Bowling game at lane: "All Balls Knocked Two Pins" ]
[ Player "Test" | Final score:  40 | Board: [ 2,2 =  4 |  2,2 =  4 |  2,2 =  4 |  2,2 =  4 |  2,2 =  4 |  2,2 =  4 |  2,2 =  4 |  2,2 =  4 |  2,2 =  4 |      2,2 =  4 ] ]

]]></system-out>
  </testcase>
  <testcase name="allBallsMissed" classname="com.bowling.BowlingGameTest" time="0.001">
    <system-out><![CDATA[[ Welcome to bowling alley: "Test" ]
[ Bowling game started at lane: "All Balls Missed" ]
[ Bowling game at lane: "All Balls Missed" ]
[ Player "Test" | Final score:   0 | Board: [ 0,0 =  0 |  0,0 =  0 |  0,0 =  0 |  0,0 =  0 |  0,0 =  0 |  0,0 =  0 |  0,0 =  0 |  0,0 =  0 |  0,0 =  0 |      0,0 =  0 ] ]

]]></system-out>
  </testcase>
  <testcase name="startingScoreIsZero" classname="com.bowling.BowlingGameTest" time="0.001">
    <system-out><![CDATA[[ Welcome to bowling alley: "Test" ]
[ Bowling game started at lane: "No Score" ]
[ Bowling game at lane: "No Score" ]
[ Player "Test" | Final score:   0 | Board: [     =  0 |      =  0 |      =  0 |      =  0 |      =  0 |      =  0 |      =  0 |      =  0 |      =  0 |          =  0 ] ]

]]></system-out>
  </testcase>
  <testcase name="allFirstBallsKnockedOneSecondMissed" classname="com.bowling.BowlingGameTest" time="0.001">
    <system-out><![CDATA[[ Welcome to bowling alley: "Test" ]
[ Bowling game started at lane: "All First Balls Knocked One Second Missed" ]
[ Bowling game at lane: "All First Balls Knocked One Second Missed" ]
[ Player "Test" | Final score:  10 | Board: [ 1,0 =  1 |  1,0 =  1 |  1,0 =  1 |  1,0 =  1 |  1,0 =  1 |  1,0 =  1 |  1,0 =  1 |  1,0 =  1 |  1,0 =  1 |      1,0 =  1 ] ]

]]></system-out>
  </testcase>
  <testcase name="allBallsKnockedSpareAndLastStrike" classname="com.bowling.BowlingGameTest" time="0.0">
    <system-out><![CDATA[[ Welcome to bowling alley: "Test" ]
[ Bowling game started at lane: "All Balls Knocked Spare And Last Strike" ]
[ Bowling game at lane: "All Balls Knocked Spare And Last Strike" ]
[ Player "Test" | Final score: 155 | Board: [ 5,5 = 15 |  5,5 = 15 |  5,5 = 15 |  5,5 = 15 |  5,5 = 15 |  5,5 = 15 |  5,5 = 15 |  5,5 = 15 |  5,5 = 15 |   5,5,10 = 20 ] ]

]]></system-out>
  </testcase>
  <testcase name="allBallsKnockedOnePin" classname="com.bowling.BowlingGameTest" time="0.001">
    <system-out><![CDATA[[ Welcome to bowling alley: "Test" ]
[ Bowling game started at lane: "All Balls Knocked One Pin" ]
[ Bowling game at lane: "All Balls Knocked One Pin" ]
[ Player "Test" | Final score:  20 | Board: [ 1,1 =  2 |  1,1 =  2 |  1,1 =  2 |  1,1 =  2 |  1,1 =  2 |  1,1 =  2 |  1,1 =  2 |  1,1 =  2 |  1,1 =  2 |      1,1 =  2 ] ]

]]></system-out>
  </testcase>
  <testcase name="allBallsKnockedSpareAndLastMiss" classname="com.bowling.BowlingGameTest" time="0.001">
    <system-out><![CDATA[[ Welcome to bowling alley: "Test" ]
[ Bowling game started at lane: "All Balls Knocked Spare And Last Miss" ]
[ Bowling game at lane: "All Balls Knocked Spare And Last Miss" ]
[ Player "Test" | Final score: 145 | Board: [ 5,5 = 15 |  5,5 = 15 |  5,5 = 15 |  5,5 = 15 |  5,5 = 15 |  5,5 = 15 |  5,5 = 15 |  5,5 = 15 |  5,5 = 15 |    5,5,0 = 10 ] ]

]]></system-out>
  </testcase>
  <testcase name="allBallsKnockedStrike" classname="com.bowling.BowlingGameTest" time="0.0">
    <system-out><![CDATA[[ Welcome to bowling alley: "Test" ]
[ Bowling game started at lane: "All Balls Knocked Strike" ]
[ Bowling game at lane: "All Balls Knocked Strike" ]
[ Player "Test" | Final score: 300 | Board: [  10 = 30 |   10 = 30 |   10 = 30 |   10 = 30 |   10 = 30 |   10 = 30 |   10 = 30 |   10 = 30 |   10 = 30 | 10,10,10 = 30 ] ]

]]></system-out>
  </testcase>
</testsuite>